клиент желаеет завершить общениеСервер запускается. № порта: 8080Привет.Логгер задействован с путём ./logger.txtПосмотрим, что запишется.клиент желаеет завершить общениеСервер запускается. № порта: 8080Сервер запускается. № порта: 8080
Hi!
Теперь записи в логгер будут каждая с новой строки
клиент желаеет завершить общение
Сервер запускается. № порта: 8080
Сервер запускается. № порта: 8080
Сервер запускается. № порта: 8080
Поправлен код.
клиент желаеет завершить общение
Сервер запускается. № порта: 8080
Раз, два...
четыре
шесть
восемь
клиент желаеет завершить общение
Сервер запускается. № порта: 8080
Раз
Два
Три
Четыре
Пять
Шесть
клиент желаеет завершить общение
Сервер запускается. № порта: 8080
Новая сессия...
раз
два
три 
четыре
пять
шесть
клиент желаеет завершить общение
Сервер запускается. № порта: 8080
Я клиент 1: раз
Я клиент 1: два
Я клиент 2 - один
Я клиент 2 - два
Я клиент 2 - три
Я клиент 1: выхожу
клиент желаеет завершить общение
клиент желаеет завершить общение
Сервер запускается. № порта: 8080
Привет.
hello!!!
How are you???
Я - норм.
Выхожу.
клиент желаеет завершить общение
клиент желаеет завершить общение
Сервер запускается. № порта: 8080
Запуск приложения Client1
Сервер запускается. № порта: 8080
Запуск приложения Client1
Запуск приложения Client1
Запуск приложения Client1
Запуск приложения Client1
Сервер запускается. № порта: 8080
Запуск приложения Client1
Выбрано имя: Alex
Запуск приложения Client1
Сервер запускается. № порта: 8080
Запуск приложения Client1
Выбрано имя: Alex
Сервер запускается. № порта: 8080
Запуск приложения Client1
Выбрано имя: Alex21
Сервер запускается. № порта: 8080
Запуск приложения Client1
nameговорит: Ghbdt
nameговорит: /exit
Сервер запускается. № порта: 8080
Запуск приложения Client1
Выбрано имя: Alex
Запуск приложения Client2
Выбрано имя: Van
Сервер запускается. № порта: 8080
Запуск приложения Client1
Запуск приложения Client2
Client 2 говорит: Привет.
Client 2 говорит: Я жду твое слово
Client 1 говорит: И тебе привет.
Client 1 говорит: Мое слова - да.
Client 1 говорит: /exit
Client 2 говорит: Хорошо
Client 2 говорит: /exit
Сервер запускается. № порта: 8080
Запуск приложения Client1
Выбрано имя: Alex
Запуск приложения Client2
Выбрано имя: Valdis
Сервер запускается. № порта: 8080
Запуск приложения Client1
Выбрано имя: Alex
Сервер запускается. № порта: 8080
Запуск приложения Client1
Выбрано имя: Alex
Сервер запускается. № порта: 8080
Запуск приложения Client1
Запуск приложения Client2
Client 2 говорит: Hi!
Client 2 говорит: How are you?
Client 1 говорит: i m fine
Client 1 говорит: 
Сервер запускается. № порта: 8080
Запуск приложения Client1
Запуск приложения Client2
Выбрано имя: Mask
Выбрано имя: Durov
Durov говорит: Привет.
Mask говорит: Хай.
Mask говорит: Я - Илон.
Mask говорит: Я знаю тебя. Ты сделал соцсеть.
Durov говорит: Да, это так. А ты - инженер. Ты сделал ракету.
Durov говорит: /exit
Mask говорит: /exit
Сервер запускается. № порта: 8080
Запуск приложения Client1
Выбрано имя: Алекс
Запуск приложения Client2
Выбрано имя: Димон
22:46:03.054473900: Димон говорит: Раз
22:46:04.025873400: Димон говорит: Два
22:46:05.963675: Димон говорит: Три
22:46:18.813727800: Алекс говорит: Четыре
22:46:20.926418: Алекс говорит: Пять
22:46:27.109593: Димон говорит: Шесть
22:46:28.788554900: Димон говорит: Семь
22:46:52.313004400: Димон говорит: Восемь
22:47:03.137307900: клиент желает завершить общение
22:47:15.208843300: клиент желает завершить общение
Сервер запускается. № порта: 8080
Запуск приложения Client1
Запуск приложения Client2
Выбрано имя: Dimon
Выбрано имя: Vasiliy
22:58:46.215940800: Dimon говорит: раз
22:58:47.276286100: Dimon говорит: два
22:58:55.617125400: Dimon говорит: три
22:59:04.965341400: Vasiliy говорит: четыре
22:59:06.445427700: Vasiliy говорит: пять
22:59:14.430488800: Dimon говорит: шесть
22:59:23.997568400: Vasiliy говорит: 
22:59:31.424974500: Vasiliy говорит: семь
22:59:52.959654: Vasiliy говорит: /exti
22:59:59.148827: клиент желает завершить общение
23:01:09.890070200: клиент желает завершить общение
Сервер запускается. № порта: 8080
Сервер запускается. № порта: 8080
Сервер запускается. № порта: 8080
Запуск приложения Client1
Запуск приложения Client2
Выбрано имя: Лис
Выбрано имя: Заяц
Заяц говорит: Раз
23:22:15.883486: Заяц говорит: Раз
Заяц говорит: Два
23:22:16.493272800: Заяц говорит: Два
Лис говорит: Четыре
23:22:23.149311: Лис говорит: Четыре
Заяц говорит: Три
23:23:00.493917500: Заяц говорит: Три
Сервер запускается. № порта: 8080
Запуск приложения Client1
Запуск приложения Client2
Выбрано имя: Алик
Алик говорит: Раз
23:27:53.458399300: Алик говорит: Раз
Алик говорит: Раз
Алик говорит: Два
23:27:54.460979200: Алик говорит: Два
Алик говорит: Два
Выбрано имя: Привет
Алик говорит: Три
23:28:18.789882700: Алик говорит: Три
Алик говорит: Три
Привет говорит: Я говорю привет...
23:28:30.610427800: Привет говорит: Я говорю привет...
Привет говорит: Я говорю привет...
Алик говорит: /exit
23:28:46.442741100: клиент желает завершить общение
Привет говорит: /exit
23:28:58.947179500: клиент желает завершить общение
Сервер запускается. № порта: 8080
23:48:13.067908800: Buker говорит: Привет
23:48:13.851258700: Buker говорит: раз
23:48:14.965241500: Buker говорит: два
23:49:09.000049100: Алик говорит: три
23:49:16.942087600: Алик говорит: все норма, кажется
23:50:01.184713: клиент желает завершить общение
23:50:14.322574200: клиент желает завершить общение
